<?xml version="1.0" encoding="UTF-8"?>
<!-- Generated by org.testng.reporters.JUnitXMLReporter -->
<testsuite ignored="0" hostname="dv-lt-n-34206" failures="0" tests="4" name="Test" time="12.384" errors="0" timestamp="2022-01-06T23:53:37 IST">
  <testcase classname="com.delhivery.AppTest" name="testlogin1" time="0.008"/>
  <testcase classname="com.delhivery.AppTest" name="testlogin2" time="0.0"/>
  <testcase classname="com.delhivery.demo5" name="login_Test" time="11.781"/>
  <testcase classname="com.delhivery.srishti" name="srish" time="0.572"/>
</testsuite> <!-- Test -->
