<?xml version="1.0" encoding="UTF-8"?>
<testng-results ignored="0" total="4" passed="4" failed="0" skipped="0">
  <reporter-output>
  </reporter-output>
  <suite started-at="2022-01-06T23:53:24 IST" name="Suite" finished-at="2022-01-06T23:53:37 IST" duration-ms="12384">
    <groups>
    </groups>
    <test started-at="2022-01-06T23:53:24 IST" name="Test" finished-at="2022-01-06T23:53:37 IST" duration-ms="12384">
      <class name="com.delhivery.AppTest">
        <test-method signature="testlogin1()[pri:0, instance:com.delhivery.AppTest@4f9a3314]" started-at="2022-01-06T23:53:24 IST" name="testlogin1" finished-at="2022-01-06T23:53:24 IST" duration-ms="8" status="PASS">
          <reporter-output>
          </reporter-output>
        </test-method> <!-- testlogin1 -->
        <test-method signature="testlogin2()[pri:0, instance:com.delhivery.AppTest@4f9a3314]" started-at="2022-01-06T23:53:24 IST" name="testlogin2" finished-at="2022-01-06T23:53:24 IST" duration-ms="0" status="PASS">
          <reporter-output>
          </reporter-output>
        </test-method> <!-- testlogin2 -->
      </class> <!-- com.delhivery.AppTest -->
      <class name="com.delhivery.demo5">
        <test-method signature="login_Test()[pri:0, instance:com.delhivery.demo5@3b2c72c2]" started-at="2022-01-06T23:53:24 IST" name="login_Test" finished-at="2022-01-06T23:53:36 IST" duration-ms="11781" status="PASS">
          <reporter-output>
          </reporter-output>
        </test-method> <!-- login_Test -->
      </class> <!-- com.delhivery.demo5 -->
      <class name="com.delhivery.srishti">
        <test-method signature="srish()[pri:0, instance:com.delhivery.srishti@491666ad]" started-at="2022-01-06T23:53:36 IST" name="srish" finished-at="2022-01-06T23:53:37 IST" duration-ms="572" status="PASS">
          <reporter-output>
          </reporter-output>
        </test-method> <!-- srish -->
      </class> <!-- com.delhivery.srishti -->
    </test> <!-- Test -->
  </suite> <!-- Suite -->
</testng-results>
